{
  "stats": {
    "suites": 1,
    "tests": 3,
    "passes": 2,
    "pending": 0,
    "failures": 1,
    "start": "2022-04-06T21:11:44.109Z",
    "end": "2022-04-06T21:11:44.138Z",
    "duration": 29,
    "testsRegistered": 3,
    "passPercent": 66.66666666666666,
    "pendingPercent": 0,
    "other": 0,
    "hasOther": false,
    "skipped": 0,
    "hasSkipped": false
  },
  "results": [
    {
      "uuid": "0a6a2446-1b10-4c52-af87-b691e73d95e0",
      "title": "",
      "fullFile": "C:\\D\\axoneDITLearning\\JSLearning\\assignmentNine\\specs\\partC.js",
      "file": "\\specs\\partC.js",
      "beforeHooks": [],
      "afterHooks": [],
      "tests": [],
      "suites": [
        {
          "uuid": "8dc418ad-67b0-4be3-b4dd-bb7e05bb5fa3",
          "title": "Scenario_1_Part C assignment",
          "fullFile": "C:\\D\\axoneDITLearning\\JSLearning\\assignmentNine\\specs\\partC.js",
          "file": "\\specs\\partC.js",
          "beforeHooks": [],
          "afterHooks": [],
          "tests": [
            {
              "title": "Test001_Length of the list",
              "fullTitle": "Scenario_1_Part C assignment Test001_Length of the list",
              "timedOut": false,
              "duration": 0,
              "state": "passed",
              "speed": "fast",
              "pass": true,
              "fail": false,
              "pending": false,
              "context": null,
              "code": "let name = [\"Jackson\",\"Rob\",\"Jack\",\"Wilson\",\"John\"]\nlet len = name.length\nassert.equal(len,5,'Test case 001 pass')",
              "err": {},
              "uuid": "f144d4fc-fe6c-4b18-93ef-b02bd31834a2",
              "parentUUID": "8dc418ad-67b0-4be3-b4dd-bb7e05bb5fa3",
              "isHook": false,
              "skipped": false
            },
            {
              "title": "Test002_Daniel in the list",
              "fullTitle": "Scenario_1_Part C assignment Test002_Daniel in the list",
              "timedOut": false,
              "duration": 4,
              "state": "failed",
              "speed": null,
              "pass": false,
              "fail": true,
              "pending": false,
              "context": null,
              "code": "let name = [\"Jackson\",\"Rob\",\"Jack\",\"Wilson\",\"John\"]\n\nassert.include(name,'Daniel','contains')",
              "err": {
                "message": "AssertionError: contains: expected [ 'Jackson', 'Rob', 'Jack', …(2) ] to include 'Daniel'",
                "estack": "AssertionError: contains: expected [ 'Jackson', 'Rob', 'Jack', …(2) ] to include 'Daniel'\n    at Context.<anonymous> (file:///C:/D/axoneDITLearning/JSLearning/assignmentNine/specs/partC.js:12:16)\n    at processImmediate (node:internal/timers:464:21)",
                "diff": null
              },
              "uuid": "0222e4d9-5fb5-43e7-a69a-9057c53c462e",
              "parentUUID": "8dc418ad-67b0-4be3-b4dd-bb7e05bb5fa3",
              "isHook": false,
              "skipped": false
            },
            {
              "title": "Test003_Filter in the list",
              "fullTitle": "Scenario_1_Part C assignment Test003_Filter in the list",
              "timedOut": false,
              "duration": 7,
              "state": "passed",
              "speed": "fast",
              "pass": true,
              "fail": false,
              "pending": false,
              "context": null,
              "code": "let name = [\"Jackson\",\"Rob\",\"Jack\",\"Wilson\",\"John\",\"Jackrose\"]\nlet newName = name.filter((fil)=> fil.includes('Jack'))\nconsole.log(newName)\nlet count = newName.length\nconsole.log(newName)\n       assert.equal(count,3)",
              "err": {},
              "uuid": "c646bf3c-90f3-4dc4-bb71-5b4da4df19ee",
              "parentUUID": "8dc418ad-67b0-4be3-b4dd-bb7e05bb5fa3",
              "isHook": false,
              "skipped": false
            }
          ],
          "suites": [],
          "passes": [
            "f144d4fc-fe6c-4b18-93ef-b02bd31834a2",
            "c646bf3c-90f3-4dc4-bb71-5b4da4df19ee"
          ],
          "failures": [
            "0222e4d9-5fb5-43e7-a69a-9057c53c462e"
          ],
          "pending": [],
          "skipped": [],
          "duration": 11,
          "root": false,
          "rootEmpty": false,
          "_timeout": 2000
        }
      ],
      "passes": [],
      "failures": [],
      "pending": [],
      "skipped": [],
      "duration": 0,
      "root": true,
      "rootEmpty": true,
      "_timeout": 2000
    }
  ],
  "meta": {
    "mocha": {
      "version": "9.2.2"
    },
    "mochawesome": {
      "options": {
        "quiet": false,
        "reportFilename": "mochawesome",
        "saveHtml": true,
        "saveJson": true,
        "consoleReporter": "spec",
        "useInlineDiffs": false,
        "code": true
      },
      "version": "7.1.3"
    },
    "marge": {
      "options": null,
      "version": "6.2.0"
    }
  }
}